Arguments: 
  D:\Nodejs\node.exe C:\Users\ACER\AppData\Roaming\npm\node_modules\yarn\bin\yarn.js

PATH: 
  C:\Python38\Scripts\;C:\Python38\;C:\Program Files (x86)\Intel\iCLS Client\;C:\Program Files\Intel\iCLS Client\;C:\WINDOWS\system32;C:\WINDOWS;C:\WINDOWS\System32\Wbem;C:\WINDOWS\System32\WindowsPowerShell\v1.0\;C:\Program Files\Intel\WiFi\bin\;C:\Program Files\Common Files\Intel\WirelessCommon\;C:\Program Files (x86)\Intel\Intel(R) Management Engine Components\DAL;C:\Program Files\Intel\Intel(R) Management Engine Components\DAL;C:\Program Files (x86)\Intel\Intel(R) Management Engine Components\IPT;C:\Program Files\Intel\Intel(R) Management Engine Components\IPT;C:\WINDOWS\System32\OpenSSH\;C:\Program Files\Git\cmd;D:\Nodejs\;C:\ProgramData\chocolatey\bin;C:\Program Files\Java\jdk1.8.0_211\bin;:C:\Program Files\Java\jdk-11.0.9+11\bin;C:\Users\ACER\AppData\Local\Microsoft\WindowsApps;C:\Users\ACER\AppData\Roaming\npm;D:\AndroidSDK\platform-tools;D:\Microsoft VS Code\bin

Yarn version: 
  1.22.4

Node version: 
  12.16.3

Platform: 
  win32 x64

Trace: 
  Error: getaddrinfo ENOTFOUND registry.yarnpkg.com
      at GetAddrInfoReqWrap.onlookup [as oncomplete] (dns.js:64:26)

npm manifest: 
  {
    "name": "ReactMySQLProject",
    "version": "1.0.0",
    "description": "",
    "main": "index.js",
    "scripts": {
      "server": "node app.js",
      "client": "npm run start --prefix client",
      "dev": "concurrently \"npm run server\" \"npm run client\""
    },
    "keywords": [],
    "author": "",
    "license": "ISC",
    "dependencies": {
      "axios": "^0.19.0",
      "concurrently": "^5.3.0",
      "express": "^4.17.1",
      "mysql": "^2.18.1"
    }
  }

yarn manifest: 
  No manifest

Lockfile: 
  No lockfile
